c:\users\rob rau\downloads\glew-1.10.0\build\vc10\tmp\glew_shared\debug\win32\vc120.pdb
c:\users\rob rau\downloads\glew-1.10.0\build\vc10\tmp\glew_shared\debug\win32\glew.obj
c:\users\rob rau\downloads\glew-1.10.0\lib\debug\win32\glew32d.lib
c:\users\rob rau\downloads\glew-1.10.0\lib\debug\win32\glew32d.exp
c:\users\rob rau\downloads\glew-1.10.0\bin\debug\win32\glew32d.dll
c:\users\rob rau\downloads\glew-1.10.0\bin\debug\win32\glew32d.pdb
c:\users\rob rau\downloads\glew-1.10.0\build\vc10\tmp\glew_shared\debug\win32\glew.res
c:\users\rob rau\glengine\glengine\glew-1.10.0\build\vc10\tmp\glew_shared\debug\win32\glew.obj
c:\users\rob rau\glengine\glengine\glew-1.10.0\build\vc10\tmp\glew_shared\debug\win32\glew.res
c:\users\rob rau\glengine\glengine\glew-1.10.0\build\vc10\tmp\glew_shared\debug\win32\vc120.pdb
c:\users\rob rau\glengine\glengine\glew-1.10.0\build\vc10\../../bin\debug\win32\glew32d.dll
c:\users\rob rau\glengine\glengine\glew-1.10.0\build\vc10\tmp\glew_shared\debug\win32\glew_shared.tlog\cl.command.1.tlog
c:\users\rob rau\glengine\glengine\glew-1.10.0\build\vc10\tmp\glew_shared\debug\win32\glew_shared.tlog\cl.read.1.tlog
c:\users\rob rau\glengine\glengine\glew-1.10.0\build\vc10\tmp\glew_shared\debug\win32\glew_shared.tlog\cl.write.1.tlog
c:\users\rob rau\glengine\glengine\glew-1.10.0\build\vc10\tmp\glew_shared\debug\win32\glew_shared.tlog\glew_shared.write.1u.tlog
c:\users\rob rau\glengine\glengine\glew-1.10.0\build\vc10\tmp\glew_shared\debug\win32\glew_shared.tlog\link.command.1.tlog
c:\users\rob rau\glengine\glengine\glew-1.10.0\build\vc10\tmp\glew_shared\debug\win32\glew_shared.tlog\link.read.1.tlog
c:\users\rob rau\glengine\glengine\glew-1.10.0\build\vc10\tmp\glew_shared\debug\win32\glew_shared.tlog\link.write.1.tlog
c:\users\rob rau\glengine\glengine\glew-1.10.0\build\vc10\tmp\glew_shared\debug\win32\glew_shared.tlog\rc.command.1.tlog
c:\users\rob rau\glengine\glengine\glew-1.10.0\build\vc10\tmp\glew_shared\debug\win32\glew_shared.tlog\rc.read.1.tlog
c:\users\rob rau\glengine\glengine\glew-1.10.0\build\vc10\tmp\glew_shared\debug\win32\glew_shared.tlog\rc.write.1.tlog
